Using pre-set license
Built from '2020.3/staging' branch; Version is '2020.3.10f1 (297d780c91bc) revision 2719096'; Using compiler version '192528614'; Build Type 'Release'
OS: 'Windows 10 Home; OS build 19042.1083; Version 2009; 64bit' Language: 'en' Physical Memory: 8116 MB
BatchMode: 1, IsHumanControllingUs: 0, StartBugReporterOnCrash: 0, Is64bit: 1, IsPro: 0

 COMMAND LINE ARGUMENTS:
C:\Program Files\Unity\Hub\Editor\2020.3.10f1\Editor\Unity.exe
-adb2
-batchMode
-noUpm
-name
AssetImportWorker0
-projectPath
C:/Users/Pierce/Documents/GitHub/Udemy-Unity3D/3_Project_Boost/Rusty Rocket
-logFile
Logs/AssetImportWorker0.log
-srvPort
52611
Successfully changed project path to: C:/Users/Pierce/Documents/GitHub/Udemy-Unity3D/3_Project_Boost/Rusty Rocket
C:/Users/Pierce/Documents/GitHub/Udemy-Unity3D/3_Project_Boost/Rusty Rocket
Using Asset Import Pipeline V2.
Refreshing native plugins compatible for Editor in 24.65 ms, found 2 plugins.
Preloading 0 native plugins for Editor in 0.00 ms.
Initialize engine version: 2020.3.10f1 (297d780c91bc)
[Subsystems] Discovering subsystems at path C:/Program Files/Unity/Hub/Editor/2020.3.10f1/Editor/Data/Resources/UnitySubsystems
[Subsystems] Discovering subsystems at path C:/Users/Pierce/Documents/GitHub/Udemy-Unity3D/3_Project_Boost/Rusty Rocket/Assets
GfxDevice: creating device client; threaded=0
Direct3D:
    Version:  Direct3D 11.0 [level 11.1]
    Renderer: NVIDIA GeForce GTX 1650 SUPER (ID=0x2187)
    Vendor:   
    VRAM:     3955 MB
    Driver:   30.0.14.7111
Initialize mono
Mono path[0] = 'C:/Program Files/Unity/Hub/Editor/2020.3.10f1/Editor/Data/Managed'
Mono path[1] = 'C:/Program Files/Unity/Hub/Editor/2020.3.10f1/Editor/Data/MonoBleedingEdge/lib/mono/unityjit'
Mono config path = 'C:/Program Files/Unity/Hub/Editor/2020.3.10f1/Editor/Data/MonoBleedingEdge/etc'
Using monoOptions --debugger-agent=transport=dt_socket,embedding=1,server=y,suspend=n,address=127.0.0.1:56444
Begin MonoManager ReloadAssembly
Registering precompiled unity dll's ...
Register platform support module: C:/Program Files/Unity/Hub/Editor/2020.3.10f1/Editor/Data/PlaybackEngines/WebGLSupport/UnityEditor.WebGL.Extensions.dll
Register platform support module: C:/Program Files/Unity/Hub/Editor/2020.3.10f1/Editor/Data/PlaybackEngines/WindowsStandaloneSupport/UnityEditor.WindowsStandalone.Extensions.dll
Registered in 0.003297 seconds.
Native extension for WindowsStandalone target not found
Native extension for WebGL target not found
Refreshing native plugins compatible for Editor in 23.19 ms, found 2 plugins.
Preloading 0 native plugins for Editor in 0.00 ms.
Mono: successfully reloaded assembly
- Completed reload, in  3.052 seconds
Platform modules already initialized, skipping
Registering precompiled user dll's ...
Registered in 0.008392 seconds.
Begin MonoManager ReloadAssembly
Native extension for WindowsStandalone target not found
Native extension for WebGL target not found
Refreshing native plugins compatible for Editor in 0.29 ms, found 2 plugins.
Preloading 0 native plugins for Editor in 0.00 ms.
Mono: successfully reloaded assembly
- Completed reload, in  0.890 seconds
Platform modules already initialized, skipping
========================================================================
Worker process is ready to serve import requests
Launched and connected shader compiler UnityShaderCompiler.exe after 0.05 seconds
Refreshing native plugins compatible for Editor in 0.27 ms, found 2 plugins.
Preloading 0 native plugins for Editor in 0.00 ms.
Unloading 1386 Unused Serialized files (Serialized files now loaded: 0)
System memory in use before: 65.1 MB.
System memory in use after: 65.1 MB.

Unloading 19 unused Assets to reduce memory usage. Loaded Objects now: 1819.
Total: 1.575700 ms (FindLiveObjects: 0.140900 ms CreateObjectMapping: 0.045800 ms MarkObjects: 1.324700 ms  DeleteObjects: 0.063500 ms)

========================================================================
Received Import Request.
  path: Assets
  artifactKey: Guid(00000000000000001000000000000000) Importer(815301076,1909f56bfc062723c751e8b465ee728b)
Start importing Assets using Guid(00000000000000001000000000000000) Importer(815301076,1909f56bfc062723c751e8b465ee728b)  -> (artifact id: '42d402b061de3733987d63b9cc3b64de') in 0.007992 seconds
  Import took 0.010354 seconds .

========================================================================
Received Import Request.
  Time since last request: 0.702463 seconds.
  path: Assets/Materials
  artifactKey: Guid(adc021815da69e64f987b2743382e648) Importer(815301076,1909f56bfc062723c751e8b465ee728b)
Start importing Assets/Materials using Guid(adc021815da69e64f987b2743382e648) Importer(815301076,1909f56bfc062723c751e8b465ee728b)  -> (artifact id: '81dcd0859556aacd26b4dd8b07ebd33f') in 0.006118 seconds
  Import took 0.008441 seconds .

========================================================================
Received Import Request.
  Time since last request: 33.125487 seconds.
  path: Assets/Materials/Ground Material.mat
  artifactKey: Guid(686a846e03a57f04a8822fa639a7d2e4) Importer(815301076,1909f56bfc062723c751e8b465ee728b)
Start importing Assets/Materials/Ground Material.mat using Guid(686a846e03a57f04a8822fa639a7d2e4) Importer(815301076,1909f56bfc062723c751e8b465ee728b)  -> (artifact id: '8e0cae816ac5f1cf4a2356196d57f1c2') in 0.089411 seconds
  Import took 0.091995 seconds .

========================================================================
Received Import Request.
  Time since last request: 30.903641 seconds.
  path: Assets/Materials/Ground Material.mat
  artifactKey: Guid(686a846e03a57f04a8822fa639a7d2e4) Importer(815301076,1909f56bfc062723c751e8b465ee728b)
Start importing Assets/Materials/Ground Material.mat using Guid(686a846e03a57f04a8822fa639a7d2e4) Importer(815301076,1909f56bfc062723c751e8b465ee728b)  -> (artifact id: 'c6c6300a3e440aab82f85e884762a434') in 0.011184 seconds
  Import took 0.014173 seconds .

========================================================================
Received Import Request.
  Time since last request: 45.496319 seconds.
  path: Assets/Materials/Ground Material.mat
  artifactKey: Guid(686a846e03a57f04a8822fa639a7d2e4) Importer(815301076,1909f56bfc062723c751e8b465ee728b)
Start importing Assets/Materials/Ground Material.mat using Guid(686a846e03a57f04a8822fa639a7d2e4) Importer(815301076,1909f56bfc062723c751e8b465ee728b)  -> (artifact id: '999900ae876282ce4205fc5d169d32b1') in 0.010636 seconds
  Import took 0.014108 seconds .

========================================================================
Received Import Request.
  Time since last request: 114.884876 seconds.
  path: Assets/Materials/Launch Pad Material.mat
  artifactKey: Guid(0424cb50f1a784b489aaa46ec311e5ef) Importer(815301076,1909f56bfc062723c751e8b465ee728b)
Start importing Assets/Materials/Launch Pad Material.mat using Guid(0424cb50f1a784b489aaa46ec311e5ef) Importer(815301076,1909f56bfc062723c751e8b465ee728b)  -> (artifact id: 'e6eeb08f1ad90ae39bed866483e54682') in 0.018029 seconds
  Import took 0.021133 seconds .

========================================================================
Received Import Request.
  Time since last request: 78.891474 seconds.
  path: Assets/Materials/Launch Pad Material.mat
  artifactKey: Guid(0424cb50f1a784b489aaa46ec311e5ef) Importer(815301076,1909f56bfc062723c751e8b465ee728b)
Start importing Assets/Materials/Launch Pad Material.mat using Guid(0424cb50f1a784b489aaa46ec311e5ef) Importer(815301076,1909f56bfc062723c751e8b465ee728b)  -> (artifact id: '46a4edf1e5ae59ce47d614577e11ac3c') in 0.015181 seconds
  Import took 0.017924 seconds .

========================================================================
Received Import Request.
  Time since last request: 32.470770 seconds.
  path: Assets/Prefabs
  artifactKey: Guid(9ab91b1216444c641918a03d0b0317fb) Importer(815301076,1909f56bfc062723c751e8b465ee728b)
Start importing Assets/Prefabs using Guid(9ab91b1216444c641918a03d0b0317fb) Importer(815301076,1909f56bfc062723c751e8b465ee728b)  -> (artifact id: 'b15c52b34606542b5050f94e766ed6f9') in 0.006034 seconds
  Import took 0.008875 seconds .

========================================================================
Received Import Request.
  Time since last request: 0.001204 seconds.
  path: Assets/Prefabs
  artifactKey: Guid(9ab91b1216444c641918a03d0b0317fb) Importer(815301076,1909f56bfc062723c751e8b465ee728b)
Start importing Assets/Prefabs using Guid(9ab91b1216444c641918a03d0b0317fb) Importer(815301076,1909f56bfc062723c751e8b465ee728b)  -> (artifact id: 'b15c52b34606542b5050f94e766ed6f9') in 0.002954 seconds
  Import took 0.006229 seconds .

========================================================================
Received Import Request.
  Time since last request: 3.074932 seconds.
  path: Assets/Prefabs/Ground.prefab
  artifactKey: Guid(b4d1d8f7d40faed46bd16bf4439aef1f) Importer(815301076,1909f56bfc062723c751e8b465ee728b)
Start importing Assets/Prefabs/Ground.prefab using Guid(b4d1d8f7d40faed46bd16bf4439aef1f) Importer(815301076,1909f56bfc062723c751e8b465ee728b)  -> (artifact id: 'a4ba77e8b03227df11c98572bf0f6c85') in 0.034216 seconds
  Import took 0.036854 seconds .

========================================================================
Received Import Request.
  Time since last request: 0.011802 seconds.
  path: Assets/Prefabs/Ground.prefab
  artifactKey: Guid(b4d1d8f7d40faed46bd16bf4439aef1f) Importer(815301076,1909f56bfc062723c751e8b465ee728b)
Start importing Assets/Prefabs/Ground.prefab using Guid(b4d1d8f7d40faed46bd16bf4439aef1f) Importer(815301076,1909f56bfc062723c751e8b465ee728b)  -> (artifact id: 'a4ba77e8b03227df11c98572bf0f6c85') in 0.007359 seconds
  Import took 0.009685 seconds .

========================================================================
Received Import Request.
  Time since last request: 1.868655 seconds.
  path: Assets/Prefabs/Launch Pad.prefab
  artifactKey: Guid(8415e0729a246e5429a3c92ea5f11c97) Importer(815301076,1909f56bfc062723c751e8b465ee728b)
Start importing Assets/Prefabs/Launch Pad.prefab using Guid(8415e0729a246e5429a3c92ea5f11c97) Importer(815301076,1909f56bfc062723c751e8b465ee728b)  -> (artifact id: '9c3eba241033283eb2be08b90f8a3954') in 0.020059 seconds
  Import took 0.022896 seconds .

========================================================================
Received Import Request.
  Time since last request: 86.113438 seconds.
  path: Assets/Materials/Landing Pad Material.mat
  artifactKey: Guid(9cf9028100d2955498b5c76acc6c40fd) Importer(815301076,1909f56bfc062723c751e8b465ee728b)
Start importing Assets/Materials/Landing Pad Material.mat using Guid(9cf9028100d2955498b5c76acc6c40fd) Importer(815301076,1909f56bfc062723c751e8b465ee728b)  -> (artifact id: '4ffbab5eda495362ff5868d76ea7a76c') in 0.015500 seconds
  Import took 0.018433 seconds .

========================================================================
Received Import Request.
  Time since last request: 71.035057 seconds.
  path: Assets/Materials/Landing Pad Material.mat
  artifactKey: Guid(9cf9028100d2955498b5c76acc6c40fd) Importer(815301076,1909f56bfc062723c751e8b465ee728b)
Start importing Assets/Materials/Landing Pad Material.mat using Guid(9cf9028100d2955498b5c76acc6c40fd) Importer(815301076,1909f56bfc062723c751e8b465ee728b)  -> (artifact id: '61192f5e4b227cfccd1cdabe217e29f3') in 0.014710 seconds
  Import took 0.018027 seconds .

========================================================================
Received Import Request.
  Time since last request: 131.330570 seconds.
  path: Assets/Materials/Rusty Material.mat
  artifactKey: Guid(1852e6aaddd9513468cf5c11cf0e1c8d) Importer(815301076,1909f56bfc062723c751e8b465ee728b)
Start importing Assets/Materials/Rusty Material.mat using Guid(1852e6aaddd9513468cf5c11cf0e1c8d) Importer(815301076,1909f56bfc062723c751e8b465ee728b)  -> (artifact id: 'f6e26415c03b71ddecdbc93cd28dc55d') in 0.019074 seconds
  Import took 0.021547 seconds .

========================================================================
Received Import Request.
  Time since last request: 145.064339 seconds.
  path: Assets/Materials/Ground Material.mat
  artifactKey: Guid(686a846e03a57f04a8822fa639a7d2e4) Importer(815301076,1909f56bfc062723c751e8b465ee728b)
Start importing Assets/Materials/Ground Material.mat using Guid(686a846e03a57f04a8822fa639a7d2e4) Importer(815301076,1909f56bfc062723c751e8b465ee728b)  -> (artifact id: 'ff9e37103c6d9774fc51bca319d1ad7e') in 0.022317 seconds
  Import took 0.025171 seconds .

========================================================================
Received Import Request.
  Time since last request: 0.000156 seconds.
  path: Assets/Materials/Rusty Material.mat
  artifactKey: Guid(1852e6aaddd9513468cf5c11cf0e1c8d) Importer(815301076,1909f56bfc062723c751e8b465ee728b)
Start importing Assets/Materials/Rusty Material.mat using Guid(1852e6aaddd9513468cf5c11cf0e1c8d) Importer(815301076,1909f56bfc062723c751e8b465ee728b)  -> (artifact id: 'd4055b893ccbc1d12b527907e664a427') in 0.039563 seconds
  Import took 0.042444 seconds .

========================================================================
Received Import Request.
  Time since last request: 0.001016 seconds.
  path: Assets/Materials/Rusty Material.mat
  artifactKey: Guid(1852e6aaddd9513468cf5c11cf0e1c8d) Importer(815301076,1909f56bfc062723c751e8b465ee728b)
Start importing Assets/Materials/Rusty Material.mat using Guid(1852e6aaddd9513468cf5c11cf0e1c8d) Importer(815301076,1909f56bfc062723c751e8b465ee728b)  -> (artifact id: 'd4055b893ccbc1d12b527907e664a427') in 0.022322 seconds
  Import took 0.025375 seconds .

========================================================================
Received Import Request.
  Time since last request: 40.054402 seconds.
  path: Assets/Scenes/SampleScene.unity
  artifactKey: Guid(9fc0d4010bbf28b4594072e72b8655ab) Importer(815301076,1909f56bfc062723c751e8b465ee728b)
Start importing Assets/Scenes/SampleScene.unity using Guid(9fc0d4010bbf28b4594072e72b8655ab) Importer(815301076,1909f56bfc062723c751e8b465ee728b)  -> (artifact id: 'ee3c5f04e00adb0c98631588fd84378b') in 0.006878 seconds
  Import took 0.009884 seconds .

========================================================================
Received Import Request.
  Time since last request: 4.797265 seconds.
  path: Assets/Scenes/Sandbox.unity
  artifactKey: Guid(9fc0d4010bbf28b4594072e72b8655ab) Importer(815301076,1909f56bfc062723c751e8b465ee728b)
Start importing Assets/Scenes/Sandbox.unity using Guid(9fc0d4010bbf28b4594072e72b8655ab) Importer(815301076,1909f56bfc062723c751e8b465ee728b)  -> (artifact id: '4cb062b670ce4e1ed9c4a7245b6ade40') in 0.006294 seconds
  Import took 0.009092 seconds .

========================================================================
Received Import Request.
  Time since last request: 0.003138 seconds.
  path: Assets/Scenes/Sandbox.unity
  artifactKey: Guid(9fc0d4010bbf28b4594072e72b8655ab) Importer(815301076,1909f56bfc062723c751e8b465ee728b)
Start importing Assets/Scenes/Sandbox.unity using Guid(9fc0d4010bbf28b4594072e72b8655ab) Importer(815301076,1909f56bfc062723c751e8b465ee728b)  -> (artifact id: '4cb062b670ce4e1ed9c4a7245b6ade40') in 0.002307 seconds
  Import took 0.004453 seconds .

========================================================================
Received Import Request.
  Time since last request: 30.287715 seconds.
  path: Assets/Scenes
  artifactKey: Guid(20dfecece6df04247bc1b0064da5d143) Importer(815301076,1909f56bfc062723c751e8b465ee728b)
Start importing Assets/Scenes using Guid(20dfecece6df04247bc1b0064da5d143) Importer(815301076,1909f56bfc062723c751e8b465ee728b)  -> (artifact id: '19a28d93dbb1e2f04ee82b40ee83d844') in 0.006021 seconds
  Import took 0.009756 seconds .

========================================================================
Received Import Request.
  Time since last request: 31.440928 seconds.
  path: Assets/Scripts
  artifactKey: Guid(74651ac1ed7d87542abdcf3bf3e294ee) Importer(815301076,1909f56bfc062723c751e8b465ee728b)
Start importing Assets/Scripts using Guid(74651ac1ed7d87542abdcf3bf3e294ee) Importer(815301076,1909f56bfc062723c751e8b465ee728b)  -> (artifact id: '406515bc11b4880e84075297b8892cab') in 0.006214 seconds
  Import took 0.008667 seconds .

========================================================================
Received Import Request.
  Time since last request: 9.520211 seconds.
  path: Assets/Scripts/Movement.cs
  artifactKey: Guid(7acb6ad0e174c314ebeb71aeb10011f2) Importer(815301076,1909f56bfc062723c751e8b465ee728b)
Start importing Assets/Scripts/Movement.cs using Guid(7acb6ad0e174c314ebeb71aeb10011f2) Importer(815301076,1909f56bfc062723c751e8b465ee728b)  -> (artifact id: '8824e497afd7d481233b64fd9b56553d') in 0.008047 seconds
  Import took 0.010592 seconds .

========================================================================
Received Import Request.
  Time since last request: 0.004009 seconds.
  path: Assets/Scripts/Movement.cs
  artifactKey: Guid(7acb6ad0e174c314ebeb71aeb10011f2) Importer(815301076,1909f56bfc062723c751e8b465ee728b)
Start importing Assets/Scripts/Movement.cs using Guid(7acb6ad0e174c314ebeb71aeb10011f2) Importer(815301076,1909f56bfc062723c751e8b465ee728b)  -> (artifact id: '8824e497afd7d481233b64fd9b56553d') in 0.002129 seconds
  Import took 0.004317 seconds .

========================================================================
Received Prepare
Registering precompiled user dll's ...
Registered in 0.002734 seconds.
Begin MonoManager ReloadAssembly
Native extension for WindowsStandalone target not found
Native extension for WebGL target not found
Refreshing native plugins compatible for Editor in 0.27 ms, found 2 plugins.
Preloading 0 native plugins for Editor in 0.00 ms.
Mono: successfully reloaded assembly
- Completed reload, in  0.813 seconds
Platform modules already initialized, skipping
Refreshing native plugins compatible for Editor in 0.29 ms, found 2 plugins.
Preloading 0 native plugins for Editor in 0.00 ms.
Unloading 1382 Unused Serialized files (Serialized files now loaded: 0)
System memory in use before: 68.4 MB.
System memory in use after: 68.5 MB.

Unloading 14 unused Assets to reduce memory usage. Loaded Objects now: 1864.
Total: 1.609000 ms (FindLiveObjects: 0.150500 ms CreateObjectMapping: 0.045300 ms MarkObjects: 1.368600 ms  DeleteObjects: 0.043700 ms)

========================================================================
Received Import Request.
  Time since last request: 990.304377 seconds.
  path: Assets/Prefabs/Rusty.prefab
  artifactKey: Guid(4094bb692b736814287e6dbc291d7d7c) Importer(815301076,1909f56bfc062723c751e8b465ee728b)
Start importing Assets/Prefabs/Rusty.prefab using Guid(4094bb692b736814287e6dbc291d7d7c) Importer(815301076,1909f56bfc062723c751e8b465ee728b)  -> (artifact id: 'e921c0c444e86ed8148af0ab4073e867') in 0.055043 seconds
  Import took 0.058477 seconds .

========================================================================
Received Prepare
Registering precompiled user dll's ...
Registered in 0.004961 seconds.
Begin MonoManager ReloadAssembly
Native extension for WindowsStandalone target not found
Native extension for WebGL target not found
Refreshing native plugins compatible for Editor in 0.29 ms, found 2 plugins.
Preloading 0 native plugins for Editor in 0.00 ms.
Mono: successfully reloaded assembly
- Completed reload, in  0.784 seconds
Platform modules already initialized, skipping
Refreshing native plugins compatible for Editor in 0.27 ms, found 2 plugins.
Preloading 0 native plugins for Editor in 0.00 ms.
Unloading 1382 Unused Serialized files (Serialized files now loaded: 0)
System memory in use before: 68.5 MB.
System memory in use after: 68.5 MB.

Unloading 14 unused Assets to reduce memory usage. Loaded Objects now: 1868.
Total: 1.707300 ms (FindLiveObjects: 0.160600 ms CreateObjectMapping: 0.047700 ms MarkObjects: 1.408200 ms  DeleteObjects: 0.089800 ms)

========================================================================
Received Import Request.
  Time since last request: 523.415059 seconds.
  path: Assets/Prefabs/Rusty.prefab
  artifactKey: Guid(4094bb692b736814287e6dbc291d7d7c) Importer(815301076,1909f56bfc062723c751e8b465ee728b)
Start importing Assets/Prefabs/Rusty.prefab using Guid(4094bb692b736814287e6dbc291d7d7c) Importer(815301076,1909f56bfc062723c751e8b465ee728b)  -> (artifact id: 'ee9992980913b547e90482c915a43fbb') in 0.052840 seconds
  Import took 0.057318 seconds .

========================================================================
Received Prepare
Registering precompiled user dll's ...
Registered in 0.002733 seconds.
Begin MonoManager ReloadAssembly
Native extension for WindowsStandalone target not found
Native extension for WebGL target not found
Refreshing native plugins compatible for Editor in 0.28 ms, found 2 plugins.
Preloading 0 native plugins for Editor in 0.00 ms.
Mono: successfully reloaded assembly
- Completed reload, in  0.827 seconds
Platform modules already initialized, skipping
Refreshing native plugins compatible for Editor in 0.28 ms, found 2 plugins.
Preloading 0 native plugins for Editor in 0.00 ms.
Unloading 1382 Unused Serialized files (Serialized files now loaded: 0)
System memory in use before: 68.5 MB.
System memory in use after: 68.5 MB.

Unloading 14 unused Assets to reduce memory usage. Loaded Objects now: 1872.
Total: 1.621800 ms (FindLiveObjects: 0.141800 ms CreateObjectMapping: 0.044900 ms MarkObjects: 1.393900 ms  DeleteObjects: 0.040200 ms)

========================================================================
Received Prepare
Registering precompiled user dll's ...
Registered in 0.002751 seconds.
Begin MonoManager ReloadAssembly
Native extension for WindowsStandalone target not found
Native extension for WebGL target not found
Refreshing native plugins compatible for Editor in 0.41 ms, found 2 plugins.
Preloading 0 native plugins for Editor in 0.00 ms.
Mono: successfully reloaded assembly
- Completed reload, in  0.808 seconds
Platform modules already initialized, skipping
Refreshing native plugins compatible for Editor in 0.28 ms, found 2 plugins.
Preloading 0 native plugins for Editor in 0.00 ms.
Unloading 1382 Unused Serialized files (Serialized files now loaded: 0)
System memory in use before: 68.5 MB.
System memory in use after: 68.6 MB.

Unloading 14 unused Assets to reduce memory usage. Loaded Objects now: 1875.
Total: 2.043800 ms (FindLiveObjects: 0.198200 ms CreateObjectMapping: 0.056300 ms MarkObjects: 1.731000 ms  DeleteObjects: 0.057000 ms)

========================================================================
Received Prepare
Registering precompiled user dll's ...
Registered in 0.002751 seconds.
Begin MonoManager ReloadAssembly
Native extension for WindowsStandalone target not found
Native extension for WebGL target not found
Refreshing native plugins compatible for Editor in 0.28 ms, found 2 plugins.
Preloading 0 native plugins for Editor in 0.00 ms.
Mono: successfully reloaded assembly
- Completed reload, in  0.837 seconds
Platform modules already initialized, skipping
Refreshing native plugins compatible for Editor in 0.31 ms, found 2 plugins.
Preloading 0 native plugins for Editor in 0.00 ms.
Unloading 1382 Unused Serialized files (Serialized files now loaded: 0)
System memory in use before: 68.5 MB.
System memory in use after: 68.6 MB.

Unloading 14 unused Assets to reduce memory usage. Loaded Objects now: 1878.
Total: 2.134400 ms (FindLiveObjects: 0.161200 ms CreateObjectMapping: 0.048400 ms MarkObjects: 1.857100 ms  DeleteObjects: 0.066400 ms)

========================================================================
Received Prepare
Registering precompiled user dll's ...
Registered in 0.002799 seconds.
Begin MonoManager ReloadAssembly
Native extension for WindowsStandalone target not found
Native extension for WebGL target not found
Refreshing native plugins compatible for Editor in 0.27 ms, found 2 plugins.
Preloading 0 native plugins for Editor in 0.00 ms.
Mono: successfully reloaded assembly
- Completed reload, in  0.799 seconds
Platform modules already initialized, skipping
Refreshing native plugins compatible for Editor in 0.28 ms, found 2 plugins.
Preloading 0 native plugins for Editor in 0.00 ms.
Unloading 1382 Unused Serialized files (Serialized files now loaded: 0)
System memory in use before: 68.5 MB.
System memory in use after: 68.6 MB.

Unloading 14 unused Assets to reduce memory usage. Loaded Objects now: 1881.
Total: 1.588600 ms (FindLiveObjects: 0.141700 ms CreateObjectMapping: 0.044300 ms MarkObjects: 1.355900 ms  DeleteObjects: 0.045800 ms)

========================================================================
Received Prepare
Registering precompiled user dll's ...
Registered in 0.002682 seconds.
Begin MonoManager ReloadAssembly
Native extension for WindowsStandalone target not found
Native extension for WebGL target not found
Refreshing native plugins compatible for Editor in 0.28 ms, found 2 plugins.
Preloading 0 native plugins for Editor in 0.00 ms.
Mono: successfully reloaded assembly
- Completed reload, in  0.823 seconds
Platform modules already initialized, skipping
Refreshing native plugins compatible for Editor in 0.32 ms, found 2 plugins.
Preloading 0 native plugins for Editor in 0.00 ms.
Unloading 1382 Unused Serialized files (Serialized files now loaded: 0)
System memory in use before: 68.5 MB.
System memory in use after: 68.6 MB.

Unloading 14 unused Assets to reduce memory usage. Loaded Objects now: 1884.
Total: 1.614300 ms (FindLiveObjects: 0.146600 ms CreateObjectMapping: 0.045900 ms MarkObjects: 1.377000 ms  DeleteObjects: 0.043800 ms)

========================================================================
Received Prepare
Registering precompiled user dll's ...
Registered in 0.002952 seconds.
Begin MonoManager ReloadAssembly
Native extension for WindowsStandalone target not found
Native extension for WebGL target not found
Refreshing native plugins compatible for Editor in 0.28 ms, found 2 plugins.
Preloading 0 native plugins for Editor in 0.00 ms.
Mono: successfully reloaded assembly
- Completed reload, in  0.831 seconds
Platform modules already initialized, skipping
Refreshing native plugins compatible for Editor in 0.29 ms, found 2 plugins.
Preloading 0 native plugins for Editor in 0.00 ms.
Unloading 1382 Unused Serialized files (Serialized files now loaded: 0)
System memory in use before: 68.5 MB.
System memory in use after: 68.6 MB.

Unloading 14 unused Assets to reduce memory usage. Loaded Objects now: 1887.
Total: 1.642800 ms (FindLiveObjects: 0.146000 ms CreateObjectMapping: 0.042700 ms MarkObjects: 1.404000 ms  DeleteObjects: 0.049000 ms)

========================================================================
Received Prepare
Registering precompiled user dll's ...
Registered in 0.002776 seconds.
Begin MonoManager ReloadAssembly
Native extension for WindowsStandalone target not found
Native extension for WebGL target not found
Refreshing native plugins compatible for Editor in 0.27 ms, found 2 plugins.
Preloading 0 native plugins for Editor in 0.00 ms.
Mono: successfully reloaded assembly
- Completed reload, in  0.799 seconds
Platform modules already initialized, skipping
Refreshing native plugins compatible for Editor in 0.37 ms, found 2 plugins.
Preloading 0 native plugins for Editor in 0.00 ms.
Unloading 1382 Unused Serialized files (Serialized files now loaded: 0)
System memory in use before: 68.5 MB.
System memory in use after: 68.6 MB.

Unloading 14 unused Assets to reduce memory usage. Loaded Objects now: 1890.
Total: 1.862500 ms (FindLiveObjects: 0.213400 ms CreateObjectMapping: 0.047100 ms MarkObjects: 1.553700 ms  DeleteObjects: 0.047400 ms)

========================================================================
Received Prepare
Registering precompiled user dll's ...
Registered in 0.002970 seconds.
Begin MonoManager ReloadAssembly
Native extension for WindowsStandalone target not found
Native extension for WebGL target not found
Refreshing native plugins compatible for Editor in 0.28 ms, found 2 plugins.
Preloading 0 native plugins for Editor in 0.00 ms.
Mono: successfully reloaded assembly
- Completed reload, in  0.799 seconds
Platform modules already initialized, skipping
Refreshing native plugins compatible for Editor in 0.37 ms, found 2 plugins.
Preloading 0 native plugins for Editor in 0.00 ms.
Unloading 1382 Unused Serialized files (Serialized files now loaded: 0)
System memory in use before: 68.5 MB.
System memory in use after: 68.6 MB.

Unloading 14 unused Assets to reduce memory usage. Loaded Objects now: 1893.
Total: 1.696100 ms (FindLiveObjects: 0.155800 ms CreateObjectMapping: 0.047900 ms MarkObjects: 1.443000 ms  DeleteObjects: 0.048300 ms)

========================================================================
Received Prepare
Registering precompiled user dll's ...
Registered in 0.002717 seconds.
Begin MonoManager ReloadAssembly
Native extension for WindowsStandalone target not found
Native extension for WebGL target not found
Refreshing native plugins compatible for Editor in 0.28 ms, found 2 plugins.
Preloading 0 native plugins for Editor in 0.00 ms.
Mono: successfully reloaded assembly
- Completed reload, in  0.870 seconds
Platform modules already initialized, skipping
Refreshing native plugins compatible for Editor in 0.37 ms, found 2 plugins.
Preloading 0 native plugins for Editor in 0.00 ms.
Unloading 1382 Unused Serialized files (Serialized files now loaded: 0)
System memory in use before: 68.5 MB.
System memory in use after: 68.6 MB.

Unloading 14 unused Assets to reduce memory usage. Loaded Objects now: 1896.
Total: 1.546900 ms (FindLiveObjects: 0.134100 ms CreateObjectMapping: 0.044000 ms MarkObjects: 1.328600 ms  DeleteObjects: 0.039100 ms)

========================================================================
Received Prepare
Registering precompiled user dll's ...
Registered in 0.002796 seconds.
Begin MonoManager ReloadAssembly
Native extension for WindowsStandalone target not found
Native extension for WebGL target not found
Refreshing native plugins compatible for Editor in 0.28 ms, found 2 plugins.
Preloading 0 native plugins for Editor in 0.00 ms.
Mono: successfully reloaded assembly
- Completed reload, in  0.822 seconds
Platform modules already initialized, skipping
Refreshing native plugins compatible for Editor in 0.45 ms, found 2 plugins.
Preloading 0 native plugins for Editor in 0.00 ms.
Unloading 1382 Unused Serialized files (Serialized files now loaded: 0)
System memory in use before: 68.5 MB.
System memory in use after: 68.6 MB.

Unloading 14 unused Assets to reduce memory usage. Loaded Objects now: 1899.
Total: 2.753700 ms (FindLiveObjects: 0.216700 ms CreateObjectMapping: 0.077500 ms MarkObjects: 2.391300 ms  DeleteObjects: 0.066700 ms)

========================================================================
Received Prepare
Registering precompiled user dll's ...
Registered in 0.002965 seconds.
Begin MonoManager ReloadAssembly
Native extension for WindowsStandalone target not found
Native extension for WebGL target not found
Refreshing native plugins compatible for Editor in 0.28 ms, found 2 plugins.
Preloading 0 native plugins for Editor in 0.00 ms.
Mono: successfully reloaded assembly
- Completed reload, in  0.786 seconds
Platform modules already initialized, skipping
Refreshing native plugins compatible for Editor in 0.29 ms, found 2 plugins.
Preloading 0 native plugins for Editor in 0.00 ms.
Unloading 1382 Unused Serialized files (Serialized files now loaded: 0)
System memory in use before: 68.5 MB.
System memory in use after: 68.6 MB.

Unloading 14 unused Assets to reduce memory usage. Loaded Objects now: 1902.
Total: 1.690100 ms (FindLiveObjects: 0.180000 ms CreateObjectMapping: 0.050300 ms MarkObjects: 1.409400 ms  DeleteObjects: 0.049300 ms)

========================================================================
Received Prepare
Registering precompiled user dll's ...
Registered in 0.002736 seconds.
Begin MonoManager ReloadAssembly
Native extension for WindowsStandalone target not found
Native extension for WebGL target not found
Refreshing native plugins compatible for Editor in 0.27 ms, found 2 plugins.
Preloading 0 native plugins for Editor in 0.00 ms.
Mono: successfully reloaded assembly
- Completed reload, in  0.880 seconds
Platform modules already initialized, skipping
Refreshing native plugins compatible for Editor in 0.28 ms, found 2 plugins.
Preloading 0 native plugins for Editor in 0.00 ms.
Unloading 1382 Unused Serialized files (Serialized files now loaded: 0)
System memory in use before: 68.5 MB.
System memory in use after: 68.6 MB.

Unloading 14 unused Assets to reduce memory usage. Loaded Objects now: 1905.
Total: 1.573700 ms (FindLiveObjects: 0.144900 ms CreateObjectMapping: 0.042900 ms MarkObjects: 1.340900 ms  DeleteObjects: 0.044100 ms)

========================================================================
Received Prepare
Registering precompiled user dll's ...
Registered in 0.002817 seconds.
Begin MonoManager ReloadAssembly
Native extension for WindowsStandalone target not found
Native extension for WebGL target not found
Refreshing native plugins compatible for Editor in 0.42 ms, found 2 plugins.
Preloading 0 native plugins for Editor in 0.00 ms.
Mono: successfully reloaded assembly
- Completed reload, in  0.870 seconds
Platform modules already initialized, skipping
Refreshing native plugins compatible for Editor in 0.28 ms, found 2 plugins.
Preloading 0 native plugins for Editor in 0.00 ms.
Unloading 1382 Unused Serialized files (Serialized files now loaded: 0)
System memory in use before: 68.5 MB.
System memory in use after: 68.6 MB.

Unloading 14 unused Assets to reduce memory usage. Loaded Objects now: 1908.
Total: 1.692800 ms (FindLiveObjects: 0.206600 ms CreateObjectMapping: 0.056300 ms MarkObjects: 1.385000 ms  DeleteObjects: 0.043800 ms)

========================================================================
Received Prepare
Registering precompiled user dll's ...
Registered in 0.002886 seconds.
Begin MonoManager ReloadAssembly
Native extension for WindowsStandalone target not found
Native extension for WebGL target not found
Refreshing native plugins compatible for Editor in 0.29 ms, found 2 plugins.
Preloading 0 native plugins for Editor in 0.00 ms.
Mono: successfully reloaded assembly
- Completed reload, in  0.909 seconds
Platform modules already initialized, skipping
Refreshing native plugins compatible for Editor in 0.36 ms, found 2 plugins.
Preloading 0 native plugins for Editor in 0.00 ms.
Unloading 1382 Unused Serialized files (Serialized files now loaded: 0)
System memory in use before: 68.6 MB.
System memory in use after: 68.6 MB.

Unloading 14 unused Assets to reduce memory usage. Loaded Objects now: 1911.
Total: 1.758900 ms (FindLiveObjects: 0.163100 ms CreateObjectMapping: 0.047800 ms MarkObjects: 1.503500 ms  DeleteObjects: 0.043000 ms)

========================================================================
Received Prepare
Registering precompiled user dll's ...
Registered in 0.002688 seconds.
Begin MonoManager ReloadAssembly
Native extension for WindowsStandalone target not found
Native extension for WebGL target not found
Refreshing native plugins compatible for Editor in 0.28 ms, found 2 plugins.
Preloading 0 native plugins for Editor in 0.00 ms.
Mono: successfully reloaded assembly
- Completed reload, in  0.799 seconds
Platform modules already initialized, skipping
Refreshing native plugins compatible for Editor in 0.28 ms, found 2 plugins.
Preloading 0 native plugins for Editor in 0.00 ms.
Unloading 1382 Unused Serialized files (Serialized files now loaded: 0)
System memory in use before: 68.6 MB.
System memory in use after: 68.6 MB.

Unloading 14 unused Assets to reduce memory usage. Loaded Objects now: 1914.
Total: 1.635100 ms (FindLiveObjects: 0.139500 ms CreateObjectMapping: 0.040500 ms MarkObjects: 1.411400 ms  DeleteObjects: 0.042800 ms)

========================================================================
Received Prepare
Registering precompiled user dll's ...
Registered in 0.002871 seconds.
Begin MonoManager ReloadAssembly
Native extension for WindowsStandalone target not found
Native extension for WebGL target not found
Refreshing native plugins compatible for Editor in 0.31 ms, found 2 plugins.
Preloading 0 native plugins for Editor in 0.00 ms.
Mono: successfully reloaded assembly
- Completed reload, in  0.818 seconds
Platform modules already initialized, skipping
Refreshing native plugins compatible for Editor in 0.28 ms, found 2 plugins.
Preloading 0 native plugins for Editor in 0.00 ms.
Unloading 1382 Unused Serialized files (Serialized files now loaded: 0)
System memory in use before: 68.6 MB.
System memory in use after: 68.6 MB.

Unloading 14 unused Assets to reduce memory usage. Loaded Objects now: 1917.
Total: 2.103900 ms (FindLiveObjects: 0.165400 ms CreateObjectMapping: 0.056900 ms MarkObjects: 1.829400 ms  DeleteObjects: 0.051100 ms)

========================================================================
Received Prepare
Registering precompiled user dll's ...
Registered in 0.002712 seconds.
Begin MonoManager ReloadAssembly
Native extension for WindowsStandalone target not found
Native extension for WebGL target not found
Refreshing native plugins compatible for Editor in 0.27 ms, found 2 plugins.
Preloading 0 native plugins for Editor in 0.00 ms.
Mono: successfully reloaded assembly
- Completed reload, in  0.775 seconds
Platform modules already initialized, skipping
Refreshing native plugins compatible for Editor in 0.28 ms, found 2 plugins.
Preloading 0 native plugins for Editor in 0.00 ms.
Unloading 1382 Unused Serialized files (Serialized files now loaded: 0)
System memory in use before: 68.6 MB.
System memory in use after: 68.6 MB.

Unloading 14 unused Assets to reduce memory usage. Loaded Objects now: 1920.
Total: 1.803400 ms (FindLiveObjects: 0.140000 ms CreateObjectMapping: 0.042200 ms MarkObjects: 1.579500 ms  DeleteObjects: 0.040600 ms)

========================================================================
Received Prepare
Registering precompiled user dll's ...
Registered in 0.002808 seconds.
Begin MonoManager ReloadAssembly
Native extension for WindowsStandalone target not found
Native extension for WebGL target not found
Refreshing native plugins compatible for Editor in 0.27 ms, found 2 plugins.
Preloading 0 native plugins for Editor in 0.00 ms.
Mono: successfully reloaded assembly
- Completed reload, in  0.790 seconds
Platform modules already initialized, skipping
Refreshing native plugins compatible for Editor in 0.28 ms, found 2 plugins.
Preloading 0 native plugins for Editor in 0.00 ms.
Unloading 1382 Unused Serialized files (Serialized files now loaded: 0)
System memory in use before: 68.6 MB.
System memory in use after: 68.6 MB.

Unloading 14 unused Assets to reduce memory usage. Loaded Objects now: 1923.
Total: 1.545000 ms (FindLiveObjects: 0.136600 ms CreateObjectMapping: 0.043900 ms MarkObjects: 1.324500 ms  DeleteObjects: 0.039300 ms)

========================================================================
Received Prepare
Registering precompiled user dll's ...
Registered in 0.002742 seconds.
Begin MonoManager ReloadAssembly
Native extension for WindowsStandalone target not found
Native extension for WebGL target not found
Refreshing native plugins compatible for Editor in 0.27 ms, found 2 plugins.
Preloading 0 native plugins for Editor in 0.00 ms.
Mono: successfully reloaded assembly
- Completed reload, in  0.786 seconds
Platform modules already initialized, skipping
Refreshing native plugins compatible for Editor in 0.27 ms, found 2 plugins.
Preloading 0 native plugins for Editor in 0.00 ms.
Unloading 1382 Unused Serialized files (Serialized files now loaded: 0)
System memory in use before: 68.6 MB.
System memory in use after: 68.7 MB.

Unloading 14 unused Assets to reduce memory usage. Loaded Objects now: 1926.
Total: 1.552700 ms (FindLiveObjects: 0.133700 ms CreateObjectMapping: 0.040800 ms MarkObjects: 1.338300 ms  DeleteObjects: 0.039100 ms)

========================================================================
Received Prepare
Registering precompiled user dll's ...
Registered in 0.002872 seconds.
Begin MonoManager ReloadAssembly
Native extension for WindowsStandalone target not found
Native extension for WebGL target not found
Refreshing native plugins compatible for Editor in 0.27 ms, found 2 plugins.
Preloading 0 native plugins for Editor in 0.00 ms.
Mono: successfully reloaded assembly
- Completed reload, in  0.843 seconds
Platform modules already initialized, skipping
Refreshing native plugins compatible for Editor in 0.28 ms, found 2 plugins.
Preloading 0 native plugins for Editor in 0.00 ms.
Unloading 1382 Unused Serialized files (Serialized files now loaded: 0)
System memory in use before: 68.6 MB.
System memory in use after: 68.7 MB.

Unloading 14 unused Assets to reduce memory usage. Loaded Objects now: 1929.
Total: 1.694300 ms (FindLiveObjects: 0.203100 ms CreateObjectMapping: 0.052200 ms MarkObjects: 1.394700 ms  DeleteObjects: 0.043100 ms)

========================================================================
Received Prepare
Registering precompiled user dll's ...
Registered in 0.002741 seconds.
Begin MonoManager ReloadAssembly
Native extension for WindowsStandalone target not found
Native extension for WebGL target not found
Refreshing native plugins compatible for Editor in 0.30 ms, found 2 plugins.
Preloading 0 native plugins for Editor in 0.00 ms.
Mono: successfully reloaded assembly
- Completed reload, in  0.807 seconds
Platform modules already initialized, skipping
Refreshing native plugins compatible for Editor in 0.27 ms, found 2 plugins.
Preloading 0 native plugins for Editor in 0.00 ms.
Unloading 1382 Unused Serialized files (Serialized files now loaded: 0)
System memory in use before: 68.6 MB.
System memory in use after: 68.7 MB.

Unloading 14 unused Assets to reduce memory usage. Loaded Objects now: 1932.
Total: 1.642400 ms (FindLiveObjects: 0.192600 ms CreateObjectMapping: 0.063100 ms MarkObjects: 1.345000 ms  DeleteObjects: 0.040600 ms)

========================================================================
Received Prepare
Registering precompiled user dll's ...
Registered in 0.002952 seconds.
Begin MonoManager ReloadAssembly
Native extension for WindowsStandalone target not found
Native extension for WebGL target not found
Refreshing native plugins compatible for Editor in 0.28 ms, found 2 plugins.
Preloading 0 native plugins for Editor in 0.00 ms.
Mono: successfully reloaded assembly
- Completed reload, in  0.834 seconds
Platform modules already initialized, skipping
Refreshing native plugins compatible for Editor in 0.27 ms, found 2 plugins.
Preloading 0 native plugins for Editor in 0.00 ms.
Unloading 1382 Unused Serialized files (Serialized files now loaded: 0)
System memory in use before: 68.6 MB.
System memory in use after: 68.7 MB.

Unloading 14 unused Assets to reduce memory usage. Loaded Objects now: 1935.
Total: 1.583900 ms (FindLiveObjects: 0.146000 ms CreateObjectMapping: 0.042600 ms MarkObjects: 1.350500 ms  DeleteObjects: 0.043500 ms)

========================================================================
Received Prepare
Registering precompiled user dll's ...
Registered in 0.002753 seconds.
Begin MonoManager ReloadAssembly
Native extension for WindowsStandalone target not found
Native extension for WebGL target not found
Refreshing native plugins compatible for Editor in 0.31 ms, found 2 plugins.
Preloading 0 native plugins for Editor in 0.00 ms.
Mono: successfully reloaded assembly
- Completed reload, in  0.829 seconds
Platform modules already initialized, skipping
Refreshing native plugins compatible for Editor in 0.27 ms, found 2 plugins.
Preloading 0 native plugins for Editor in 0.00 ms.
Unloading 1382 Unused Serialized files (Serialized files now loaded: 0)
System memory in use before: 68.6 MB.
System memory in use after: 68.7 MB.

Unloading 14 unused Assets to reduce memory usage. Loaded Objects now: 1938.
Total: 1.691400 ms (FindLiveObjects: 0.144300 ms CreateObjectMapping: 0.049400 ms MarkObjects: 1.453600 ms  DeleteObjects: 0.043200 ms)

========================================================================
Received Prepare
Registering precompiled user dll's ...
Registered in 0.002941 seconds.
Begin MonoManager ReloadAssembly
Native extension for WindowsStandalone target not found
Native extension for WebGL target not found
Refreshing native plugins compatible for Editor in 0.35 ms, found 2 plugins.
Preloading 0 native plugins for Editor in 0.00 ms.
Mono: successfully reloaded assembly
- Completed reload, in  0.871 seconds
Platform modules already initialized, skipping
Refreshing native plugins compatible for Editor in 0.28 ms, found 2 plugins.
Preloading 0 native plugins for Editor in 0.00 ms.
Unloading 1382 Unused Serialized files (Serialized files now loaded: 0)
System memory in use before: 68.6 MB.
System memory in use after: 68.7 MB.

Unloading 14 unused Assets to reduce memory usage. Loaded Objects now: 1941.
Total: 1.586500 ms (FindLiveObjects: 0.139900 ms CreateObjectMapping: 0.043200 ms MarkObjects: 1.358600 ms  DeleteObjects: 0.043800 ms)

========================================================================
Received Import Request.
  Time since last request: 3479.292167 seconds.
  path: Assets/Prefabs/Rusty.prefab
  artifactKey: Guid(4094bb692b736814287e6dbc291d7d7c) Importer(815301076,1909f56bfc062723c751e8b465ee728b)
Start importing Assets/Prefabs/Rusty.prefab using Guid(4094bb692b736814287e6dbc291d7d7c) Importer(815301076,1909f56bfc062723c751e8b465ee728b)  -> (artifact id: 'd44e280fe4918468653ec595cde6e309') in 0.078331 seconds
  Import took 0.082803 seconds .

========================================================================
Received Import Request.
  Time since last request: 77.122280 seconds.
  path: Assets/Prefabs/Obstacle.prefab
  artifactKey: Guid(681ba7837bb591d4b8a63bdd62c2abc0) Importer(815301076,1909f56bfc062723c751e8b465ee728b)
Start importing Assets/Prefabs/Obstacle.prefab using Guid(681ba7837bb591d4b8a63bdd62c2abc0) Importer(815301076,1909f56bfc062723c751e8b465ee728b)  -> (artifact id: '113e1415ab54c13ec6abe0c54cafe3f8') in 0.011737 seconds
  Import took 0.014560 seconds .

========================================================================
Received Import Request.
  Time since last request: 14.714895 seconds.
  path: Assets/Materials/Obstacle Material.mat
  artifactKey: Guid(2e386cad69d0eff478d567b236ffaa4c) Importer(815301076,1909f56bfc062723c751e8b465ee728b)
Start importing Assets/Materials/Obstacle Material.mat using Guid(2e386cad69d0eff478d567b236ffaa4c) Importer(815301076,1909f56bfc062723c751e8b465ee728b)  -> (artifact id: 'b5334fbd8ac55a6552e40cd5d7bdadc4') in 0.027754 seconds
  Import took 0.030315 seconds .

========================================================================
Received Import Request.
  Time since last request: 48.561680 seconds.
  path: Assets/Materials/Obstacle Material.mat
  artifactKey: Guid(2e386cad69d0eff478d567b236ffaa4c) Importer(815301076,1909f56bfc062723c751e8b465ee728b)
Start importing Assets/Materials/Obstacle Material.mat using Guid(2e386cad69d0eff478d567b236ffaa4c) Importer(815301076,1909f56bfc062723c751e8b465ee728b)  -> (artifact id: '88656d04885b11b4355d5e1d7fa16af5') in 0.023194 seconds
  Import took 0.026277 seconds .

========================================================================
Received Import Request.
  Time since last request: 99.586004 seconds.
  path: Assets/Materials/Obstacle Material.mat
  artifactKey: Guid(2e386cad69d0eff478d567b236ffaa4c) Importer(815301076,1909f56bfc062723c751e8b465ee728b)
Start importing Assets/Materials/Obstacle Material.mat using Guid(2e386cad69d0eff478d567b236ffaa4c) Importer(815301076,1909f56bfc062723c751e8b465ee728b)  -> (artifact id: '75708f0287cfedda4714d7fa04bd45a1') in 0.012532 seconds
  Import took 0.015591 seconds .

========================================================================
Received Prepare
Registering precompiled user dll's ...
Registered in 0.002790 seconds.
Begin MonoManager ReloadAssembly
Native extension for WindowsStandalone target not found
Native extension for WebGL target not found
Refreshing native plugins compatible for Editor in 0.28 ms, found 2 plugins.
Preloading 0 native plugins for Editor in 0.00 ms.
Mono: successfully reloaded assembly
- Completed reload, in  0.843 seconds
Platform modules already initialized, skipping
Refreshing native plugins compatible for Editor in 0.28 ms, found 2 plugins.
Preloading 0 native plugins for Editor in 0.00 ms.
Unloading 1382 Unused Serialized files (Serialized files now loaded: 0)
System memory in use before: 68.6 MB.
System memory in use after: 68.7 MB.

Unloading 15 unused Assets to reduce memory usage. Loaded Objects now: 1945.
Total: 1.750800 ms (FindLiveObjects: 0.145100 ms CreateObjectMapping: 0.045900 ms MarkObjects: 1.509900 ms  DeleteObjects: 0.049000 ms)

========================================================================
Received Prepare
Registering precompiled user dll's ...
Registered in 0.002868 seconds.
Begin MonoManager ReloadAssembly
Native extension for WindowsStandalone target not found
Native extension for WebGL target not found
Refreshing native plugins compatible for Editor in 0.31 ms, found 2 plugins.
Preloading 0 native plugins for Editor in 0.00 ms.
Mono: successfully reloaded assembly
- Completed reload, in  0.878 seconds
Platform modules already initialized, skipping
Refreshing native plugins compatible for Editor in 0.29 ms, found 2 plugins.
Preloading 0 native plugins for Editor in 0.00 ms.
Unloading 1382 Unused Serialized files (Serialized files now loaded: 0)
System memory in use before: 68.6 MB.
System memory in use after: 68.7 MB.

Unloading 14 unused Assets to reduce memory usage. Loaded Objects now: 1948.
Total: 1.914700 ms (FindLiveObjects: 0.162700 ms CreateObjectMapping: 0.067500 ms MarkObjects: 1.640100 ms  DeleteObjects: 0.043400 ms)

========================================================================
Received Prepare
Registering precompiled user dll's ...
Registered in 0.002980 seconds.
Begin MonoManager ReloadAssembly
Native extension for WindowsStandalone target not found
Native extension for WebGL target not found
Refreshing native plugins compatible for Editor in 0.27 ms, found 2 plugins.
Preloading 0 native plugins for Editor in 0.00 ms.
Mono: successfully reloaded assembly
- Completed reload, in  0.835 seconds
Platform modules already initialized, skipping
Refreshing native plugins compatible for Editor in 0.28 ms, found 2 plugins.
Preloading 0 native plugins for Editor in 0.00 ms.
Unloading 1382 Unused Serialized files (Serialized files now loaded: 0)
System memory in use before: 68.6 MB.
System memory in use after: 68.7 MB.

Unloading 14 unused Assets to reduce memory usage. Loaded Objects now: 1951.
Total: 1.793900 ms (FindLiveObjects: 0.166800 ms CreateObjectMapping: 0.060300 ms MarkObjects: 1.522100 ms  DeleteObjects: 0.043800 ms)

========================================================================
Received Prepare
Registering precompiled user dll's ...
Registered in 0.002734 seconds.
Begin MonoManager ReloadAssembly
Native extension for WindowsStandalone target not found
Native extension for WebGL target not found
Refreshing native plugins compatible for Editor in 0.31 ms, found 2 plugins.
Preloading 0 native plugins for Editor in 0.00 ms.
Mono: successfully reloaded assembly
- Completed reload, in  0.841 seconds
Platform modules already initialized, skipping
Refreshing native plugins compatible for Editor in 0.27 ms, found 2 plugins.
Preloading 0 native plugins for Editor in 0.00 ms.
Unloading 1382 Unused Serialized files (Serialized files now loaded: 0)
System memory in use before: 68.6 MB.
System memory in use after: 68.7 MB.

Unloading 14 unused Assets to reduce memory usage. Loaded Objects now: 1954.
Total: 1.589100 ms (FindLiveObjects: 0.140300 ms CreateObjectMapping: 0.042800 ms MarkObjects: 1.365100 ms  DeleteObjects: 0.040000 ms)

========================================================================
Received Prepare
Registering precompiled user dll's ...
Registered in 0.002778 seconds.
Begin MonoManager ReloadAssembly
Native extension for WindowsStandalone target not found
Native extension for WebGL target not found
Refreshing native plugins compatible for Editor in 0.27 ms, found 2 plugins.
Preloading 0 native plugins for Editor in 0.00 ms.
Mono: successfully reloaded assembly
- Completed reload, in  0.779 seconds
Platform modules already initialized, skipping
Refreshing native plugins compatible for Editor in 0.27 ms, found 2 plugins.
Preloading 0 native plugins for Editor in 0.00 ms.
Unloading 1382 Unused Serialized files (Serialized files now loaded: 0)
System memory in use before: 68.6 MB.
System memory in use after: 68.7 MB.

Unloading 14 unused Assets to reduce memory usage. Loaded Objects now: 1957.
Total: 2.176500 ms (FindLiveObjects: 0.261300 ms CreateObjectMapping: 0.281600 ms MarkObjects: 1.587000 ms  DeleteObjects: 0.045600 ms)

========================================================================
Received Prepare
Registering precompiled user dll's ...
Registered in 0.002867 seconds.
Begin MonoManager ReloadAssembly
Native extension for WindowsStandalone target not found
Native extension for WebGL target not found
Refreshing native plugins compatible for Editor in 0.29 ms, found 2 plugins.
Preloading 0 native plugins for Editor in 0.00 ms.
Mono: successfully reloaded assembly
- Completed reload, in  0.784 seconds
Platform modules already initialized, skipping
Refreshing native plugins compatible for Editor in 0.27 ms, found 2 plugins.
Preloading 0 native plugins for Editor in 0.00 ms.
Unloading 1382 Unused Serialized files (Serialized files now loaded: 0)
System memory in use before: 68.6 MB.
System memory in use after: 68.7 MB.

Unloading 14 unused Assets to reduce memory usage. Loaded Objects now: 1960.
Total: 1.840400 ms (FindLiveObjects: 0.163700 ms CreateObjectMapping: 0.051300 ms MarkObjects: 1.578800 ms  DeleteObjects: 0.045500 ms)

========================================================================
Received Prepare
Registering precompiled user dll's ...
Registered in 0.003272 seconds.
Begin MonoManager ReloadAssembly
Native extension for WindowsStandalone target not found
Native extension for WebGL target not found
Refreshing native plugins compatible for Editor in 0.29 ms, found 2 plugins.
Preloading 0 native plugins for Editor in 0.00 ms.
Mono: successfully reloaded assembly
- Completed reload, in  0.827 seconds
Platform modules already initialized, skipping
Refreshing native plugins compatible for Editor in 0.28 ms, found 2 plugins.
Preloading 0 native plugins for Editor in 0.00 ms.
Unloading 1382 Unused Serialized files (Serialized files now loaded: 0)
System memory in use before: 68.6 MB.
System memory in use after: 68.7 MB.

Unloading 14 unused Assets to reduce memory usage. Loaded Objects now: 1963.
Total: 1.673900 ms (FindLiveObjects: 0.145900 ms CreateObjectMapping: 0.044100 ms MarkObjects: 1.440600 ms  DeleteObjects: 0.042400 ms)

========================================================================
Received Prepare
Registering precompiled user dll's ...
Registered in 0.002841 seconds.
Begin MonoManager ReloadAssembly
Native extension for WindowsStandalone target not found
Native extension for WebGL target not found
Refreshing native plugins compatible for Editor in 0.32 ms, found 2 plugins.
Preloading 0 native plugins for Editor in 0.00 ms.
Mono: successfully reloaded assembly
- Completed reload, in  0.879 seconds
Platform modules already initialized, skipping
Refreshing native plugins compatible for Editor in 0.37 ms, found 2 plugins.
Preloading 0 native plugins for Editor in 0.00 ms.
Unloading 1382 Unused Serialized files (Serialized files now loaded: 0)
System memory in use before: 68.7 MB.
System memory in use after: 68.7 MB.

Unloading 14 unused Assets to reduce memory usage. Loaded Objects now: 1966.
Total: 1.864700 ms (FindLiveObjects: 0.190200 ms CreateObjectMapping: 0.077400 ms MarkObjects: 1.553500 ms  DeleteObjects: 0.042400 ms)

========================================================================
Received Prepare
Registering precompiled user dll's ...
Registered in 0.002753 seconds.
Begin MonoManager ReloadAssembly
Native extension for WindowsStandalone target not found
Native extension for WebGL target not found
Refreshing native plugins compatible for Editor in 0.28 ms, found 2 plugins.
Preloading 0 native plugins for Editor in 0.00 ms.
Mono: successfully reloaded assembly
- Completed reload, in  0.800 seconds
Platform modules already initialized, skipping
Refreshing native plugins compatible for Editor in 0.30 ms, found 2 plugins.
Preloading 0 native plugins for Editor in 0.00 ms.
Unloading 1382 Unused Serialized files (Serialized files now loaded: 0)
System memory in use before: 68.7 MB.
System memory in use after: 68.7 MB.

Unloading 14 unused Assets to reduce memory usage. Loaded Objects now: 1969.
Total: 1.631800 ms (FindLiveObjects: 0.141400 ms CreateObjectMapping: 0.043000 ms MarkObjects: 1.404200 ms  DeleteObjects: 0.042500 ms)

========================================================================
Received Prepare
Registering precompiled user dll's ...
Registered in 0.002987 seconds.
Begin MonoManager ReloadAssembly
Native extension for WindowsStandalone target not found
Native extension for WebGL target not found
Refreshing native plugins compatible for Editor in 0.34 ms, found 2 plugins.
Preloading 0 native plugins for Editor in 0.00 ms.
Mono: successfully reloaded assembly
- Completed reload, in  0.860 seconds
Platform modules already initialized, skipping
Refreshing native plugins compatible for Editor in 0.28 ms, found 2 plugins.
Preloading 0 native plugins for Editor in 0.00 ms.
Unloading 1382 Unused Serialized files (Serialized files now loaded: 0)
System memory in use before: 68.7 MB.
System memory in use after: 68.7 MB.

Unloading 14 unused Assets to reduce memory usage. Loaded Objects now: 1972.
Total: 1.969700 ms (FindLiveObjects: 0.303900 ms CreateObjectMapping: 0.065300 ms MarkObjects: 1.554100 ms  DeleteObjects: 0.045100 ms)

