Using pre-set license
Built from '2020.3/staging' branch; Version is '2020.3.10f1 (297d780c91bc) revision 2719096'; Using compiler version '192528614'; Build Type 'Release'
OS: 'Windows 10 Home; OS build 19042.1165; Version 2009; 64bit' Language: 'en' Physical Memory: 8116 MB
BatchMode: 1, IsHumanControllingUs: 0, StartBugReporterOnCrash: 0, Is64bit: 1, IsPro: 0

 COMMAND LINE ARGUMENTS:
C:\Program Files\Unity\Hub\Editor\2020.3.10f1\Editor\Unity.exe
-adb2
-batchMode
-noUpm
-name
AssetImportWorker0
-projectPath
C:/Users/Pierce/Documents/GitHub/Udemy-Unity3D/3_Project_Boost/Rusty Rocket
-logFile
Logs/AssetImportWorker0.log
-srvPort
63520
Successfully changed project path to: C:/Users/Pierce/Documents/GitHub/Udemy-Unity3D/3_Project_Boost/Rusty Rocket
C:/Users/Pierce/Documents/GitHub/Udemy-Unity3D/3_Project_Boost/Rusty Rocket
Using Asset Import Pipeline V2.
Refreshing native plugins compatible for Editor in 24.50 ms, found 2 plugins.
Preloading 0 native plugins for Editor in 0.00 ms.
Initialize engine version: 2020.3.10f1 (297d780c91bc)
[Subsystems] Discovering subsystems at path C:/Program Files/Unity/Hub/Editor/2020.3.10f1/Editor/Data/Resources/UnitySubsystems
[Subsystems] Discovering subsystems at path C:/Users/Pierce/Documents/GitHub/Udemy-Unity3D/3_Project_Boost/Rusty Rocket/Assets
GfxDevice: creating device client; threaded=0
Direct3D:
    Version:  Direct3D 11.0 [level 11.1]
    Renderer: NVIDIA GeForce GTX 1650 SUPER (ID=0x2187)
    Vendor:   
    VRAM:     3955 MB
    Driver:   30.0.14.7196
Initialize mono
Mono path[0] = 'C:/Program Files/Unity/Hub/Editor/2020.3.10f1/Editor/Data/Managed'
Mono path[1] = 'C:/Program Files/Unity/Hub/Editor/2020.3.10f1/Editor/Data/MonoBleedingEdge/lib/mono/unityjit'
Mono config path = 'C:/Program Files/Unity/Hub/Editor/2020.3.10f1/Editor/Data/MonoBleedingEdge/etc'
Using monoOptions --debugger-agent=transport=dt_socket,embedding=1,server=y,suspend=n,address=127.0.0.1:56432
Begin MonoManager ReloadAssembly
Registering precompiled unity dll's ...
Register platform support module: C:/Program Files/Unity/Hub/Editor/2020.3.10f1/Editor/Data/PlaybackEngines/WebGLSupport/UnityEditor.WebGL.Extensions.dll
Register platform support module: C:/Program Files/Unity/Hub/Editor/2020.3.10f1/Editor/Data/PlaybackEngines/WindowsStandaloneSupport/UnityEditor.WindowsStandalone.Extensions.dll
Registered in 0.001929 seconds.
Native extension for WindowsStandalone target not found
Native extension for WebGL target not found
Refreshing native plugins compatible for Editor in 26.12 ms, found 2 plugins.
Preloading 0 native plugins for Editor in 0.00 ms.
Mono: successfully reloaded assembly
- Completed reload, in  0.995 seconds
Platform modules already initialized, skipping
Registering precompiled user dll's ...
Registered in 0.003080 seconds.
Begin MonoManager ReloadAssembly
Native extension for WindowsStandalone target not found
Native extension for WebGL target not found
Refreshing native plugins compatible for Editor in 0.28 ms, found 2 plugins.
Preloading 0 native plugins for Editor in 0.00 ms.
Mono: successfully reloaded assembly
- Completed reload, in  0.862 seconds
Platform modules already initialized, skipping
========================================================================
Worker process is ready to serve import requests
Launched and connected shader compiler UnityShaderCompiler.exe after 0.03 seconds
Refreshing native plugins compatible for Editor in 0.30 ms, found 2 plugins.
Preloading 0 native plugins for Editor in 0.00 ms.
Unloading 1389 Unused Serialized files (Serialized files now loaded: 0)
System memory in use before: 65.5 MB.
System memory in use after: 65.6 MB.

Unloading 19 unused Assets to reduce memory usage. Loaded Objects now: 1823.
Total: 2.488300 ms (FindLiveObjects: 0.146700 ms CreateObjectMapping: 0.044400 ms MarkObjects: 2.205400 ms  DeleteObjects: 0.090500 ms)

========================================================================
Received Import Request.
  path: Assets/Prefabs/Rusty.prefab
  artifactKey: Guid(4094bb692b736814287e6dbc291d7d7c) Importer(815301076,1909f56bfc062723c751e8b465ee728b)
Start importing Assets/Prefabs/Rusty.prefab using Guid(4094bb692b736814287e6dbc291d7d7c) Importer(815301076,1909f56bfc062723c751e8b465ee728b)  -> (artifact id: '596c0cf3a7efbc85631b7c7ec57fb28c') in 0.100948 seconds
  Import took 0.104476 seconds .

========================================================================
Received Import Request.
  Time since last request: 4.180398 seconds.
  path: Assets/Prefabs/Main Camera.prefab
  artifactKey: Guid(c1b468db49249f54cbc2480abb0691dd) Importer(815301076,1909f56bfc062723c751e8b465ee728b)
Start importing Assets/Prefabs/Main Camera.prefab using Guid(c1b468db49249f54cbc2480abb0691dd) Importer(815301076,1909f56bfc062723c751e8b465ee728b)  -> (artifact id: 'f11375b12d70bc83c9c252b6f96fb1dc') in 0.006647 seconds
  Import took 0.009039 seconds .

========================================================================
Received Import Request.
  Time since last request: 0.001199 seconds.
  path: Assets/Prefabs/Main Camera.prefab
  artifactKey: Guid(c1b468db49249f54cbc2480abb0691dd) Importer(815301076,1909f56bfc062723c751e8b465ee728b)
Start importing Assets/Prefabs/Main Camera.prefab using Guid(c1b468db49249f54cbc2480abb0691dd) Importer(815301076,1909f56bfc062723c751e8b465ee728b)  -> (artifact id: 'f11375b12d70bc83c9c252b6f96fb1dc') in 0.002759 seconds
  Import took 0.004754 seconds .

========================================================================
Received Import Request.
  Time since last request: 20.800648 seconds.
  path: Assets/Prefabs/Directional Light.prefab
  artifactKey: Guid(cee30976b744b9e428f12cd665d1a208) Importer(815301076,1909f56bfc062723c751e8b465ee728b)
Start importing Assets/Prefabs/Directional Light.prefab using Guid(cee30976b744b9e428f12cd665d1a208) Importer(815301076,1909f56bfc062723c751e8b465ee728b)  -> (artifact id: 'c580e07c9e9db36b3830f6d676f9b0f3') in 0.006094 seconds
  Import took 0.008665 seconds .

========================================================================
Received Import Request.
  Time since last request: 83.031040 seconds.
  path: Assets/Scenes/Small Wall.unity
  artifactKey: Guid(9fc0d4010bbf28b4594072e72b8655ab) Importer(815301076,1909f56bfc062723c751e8b465ee728b)
Start importing Assets/Scenes/Small Wall.unity using Guid(9fc0d4010bbf28b4594072e72b8655ab) Importer(815301076,1909f56bfc062723c751e8b465ee728b)  -> (artifact id: '3991d1a359e38ed195e7d1612d1ddde4') in 0.006677 seconds
  Import took 0.009851 seconds .

========================================================================
Received Import Request.
  Time since last request: 209.611469 seconds.
  path: Assets/Scenes/Sub Zero.unity
  artifactKey: Guid(7025a152fac7f89418f01b08afbbd702) Importer(815301076,1909f56bfc062723c751e8b465ee728b)
Start importing Assets/Scenes/Sub Zero.unity using Guid(7025a152fac7f89418f01b08afbbd702) Importer(815301076,1909f56bfc062723c751e8b465ee728b)  -> (artifact id: 'ad33f4b63146a53cfe61fa892587b32f') in 0.007924 seconds
  Import took 0.010857 seconds .

========================================================================
Received Import Request.
  Time since last request: 238.600010 seconds.
  path: Assets/Scripts/QuitApplication.cs
  artifactKey: Guid(527da9be4088c7243892a4cd1e0f4349) Importer(815301076,1909f56bfc062723c751e8b465ee728b)
Start importing Assets/Scripts/QuitApplication.cs using Guid(527da9be4088c7243892a4cd1e0f4349) Importer(815301076,1909f56bfc062723c751e8b465ee728b)  -> (artifact id: 'a68614b91574512260e2b8d3ea511d8e') in 0.010670 seconds
  Import took 0.013527 seconds .

========================================================================
Received Prepare
Registering precompiled user dll's ...
Registered in 0.003166 seconds.
Begin MonoManager ReloadAssembly
Native extension for WindowsStandalone target not found
Native extension for WebGL target not found
Refreshing native plugins compatible for Editor in 0.28 ms, found 2 plugins.
Preloading 0 native plugins for Editor in 0.00 ms.
Mono: successfully reloaded assembly
- Completed reload, in  0.850 seconds
Platform modules already initialized, skipping
Refreshing native plugins compatible for Editor in 0.30 ms, found 2 plugins.
Preloading 0 native plugins for Editor in 0.00 ms.
Unloading 1385 Unused Serialized files (Serialized files now loaded: 0)
System memory in use before: 68.7 MB.
System memory in use after: 68.8 MB.

Unloading 14 unused Assets to reduce memory usage. Loaded Objects now: 1837.
Total: 1.703600 ms (FindLiveObjects: 0.199100 ms CreateObjectMapping: 0.069600 ms MarkObjects: 1.382900 ms  DeleteObjects: 0.051100 ms)

========================================================================
Received Import Request.
  Time since last request: 14.299805 seconds.
  path: Assets/Scripts/Movement.cs
  artifactKey: Guid(7acb6ad0e174c314ebeb71aeb10011f2) Importer(815301076,1909f56bfc062723c751e8b465ee728b)
Start importing Assets/Scripts/Movement.cs using Guid(7acb6ad0e174c314ebeb71aeb10011f2) Importer(815301076,1909f56bfc062723c751e8b465ee728b)  -> (artifact id: '10ae6d2718e9279fa4a3a387ccca00c9') in 0.006572 seconds
  Import took 0.008962 seconds .

========================================================================
Received Import Request.
  Time since last request: 0.022668 seconds.
  path: Assets/Scripts/Movement.cs
  artifactKey: Guid(7acb6ad0e174c314ebeb71aeb10011f2) Importer(815301076,1909f56bfc062723c751e8b465ee728b)
Start importing Assets/Scripts/Movement.cs using Guid(7acb6ad0e174c314ebeb71aeb10011f2) Importer(815301076,1909f56bfc062723c751e8b465ee728b)  -> (artifact id: '10ae6d2718e9279fa4a3a387ccca00c9') in 0.001707 seconds
  Import took 0.003898 seconds .

========================================================================
Received Prepare
Registering precompiled user dll's ...
Registered in 0.003435 seconds.
Begin MonoManager ReloadAssembly
Native extension for WindowsStandalone target not found
Native extension for WebGL target not found
Refreshing native plugins compatible for Editor in 0.27 ms, found 2 plugins.
Preloading 0 native plugins for Editor in 0.00 ms.
Mono: successfully reloaded assembly
- Completed reload, in  0.808 seconds
Platform modules already initialized, skipping
Refreshing native plugins compatible for Editor in 0.28 ms, found 2 plugins.
Preloading 0 native plugins for Editor in 0.00 ms.
Unloading 1385 Unused Serialized files (Serialized files now loaded: 0)
System memory in use before: 68.7 MB.
System memory in use after: 68.8 MB.

Unloading 14 unused Assets to reduce memory usage. Loaded Objects now: 1840.
Total: 1.569200 ms (FindLiveObjects: 0.126900 ms CreateObjectMapping: 0.037600 ms MarkObjects: 1.363400 ms  DeleteObjects: 0.040700 ms)

========================================================================
Received Import Request.
  Time since last request: 233.533240 seconds.
  path: Assets/Scripts/QuitApplication.cs
  artifactKey: Guid(527da9be4088c7243892a4cd1e0f4349) Importer(815301076,1909f56bfc062723c751e8b465ee728b)
Start importing Assets/Scripts/QuitApplication.cs using Guid(527da9be4088c7243892a4cd1e0f4349) Importer(815301076,1909f56bfc062723c751e8b465ee728b)  -> (artifact id: '45fdd4b9537d4a489b789848732101fd') in 0.003737 seconds
  Import took 0.007653 seconds .

========================================================================
Received Import Request.
  Time since last request: 29.317844 seconds.
  path: Assets/Scenes/Sub Zero.unity
  artifactKey: Guid(7025a152fac7f89418f01b08afbbd702) Importer(815301076,1909f56bfc062723c751e8b465ee728b)
Start importing Assets/Scenes/Sub Zero.unity using Guid(7025a152fac7f89418f01b08afbbd702) Importer(815301076,1909f56bfc062723c751e8b465ee728b)  -> (artifact id: '0d22ad93eb1067d977e6deb87fd1529b') in 0.011244 seconds
  Import took 0.016135 seconds .

========================================================================
Received Prepare
Registering precompiled user dll's ...
Registered in 0.002765 seconds.
Begin MonoManager ReloadAssembly
Native extension for WindowsStandalone target not found
Native extension for WebGL target not found
Refreshing native plugins compatible for Editor in 0.70 ms, found 2 plugins.
Preloading 0 native plugins for Editor in 0.00 ms.
Mono: successfully reloaded assembly
- Completed reload, in  0.870 seconds
Platform modules already initialized, skipping
Refreshing native plugins compatible for Editor in 0.28 ms, found 2 plugins.
Preloading 0 native plugins for Editor in 0.00 ms.
Unloading 1385 Unused Serialized files (Serialized files now loaded: 0)
System memory in use before: 68.7 MB.
System memory in use after: 68.8 MB.

Unloading 14 unused Assets to reduce memory usage. Loaded Objects now: 1843.
Total: 1.548600 ms (FindLiveObjects: 0.131100 ms CreateObjectMapping: 0.042600 ms MarkObjects: 1.336800 ms  DeleteObjects: 0.037500 ms)

========================================================================
Received Prepare
Registering precompiled user dll's ...
Registered in 0.002904 seconds.
Begin MonoManager ReloadAssembly
Native extension for WindowsStandalone target not found
Native extension for WebGL target not found
Refreshing native plugins compatible for Editor in 0.28 ms, found 2 plugins.
Preloading 0 native plugins for Editor in 0.00 ms.
Mono: successfully reloaded assembly
- Completed reload, in  0.928 seconds
Platform modules already initialized, skipping
Refreshing native plugins compatible for Editor in 0.35 ms, found 2 plugins.
Preloading 0 native plugins for Editor in 0.00 ms.
Unloading 1385 Unused Serialized files (Serialized files now loaded: 0)
System memory in use before: 68.8 MB.
System memory in use after: 68.8 MB.

Unloading 14 unused Assets to reduce memory usage. Loaded Objects now: 1846.
Total: 1.655000 ms (FindLiveObjects: 0.145200 ms CreateObjectMapping: 0.045900 ms MarkObjects: 1.418600 ms  DeleteObjects: 0.044300 ms)

========================================================================
Received Prepare
Refreshing native plugins compatible for Editor in 2.45 ms, found 2 plugins.
Preloading 0 native plugins for Editor in 0.00 ms.
Unloading 12 Unused Serialized files (Serialized files now loaded: 0)
System memory in use before: 41.1 MB.
System memory in use after: 41.2 MB.

Unloading 12 unused Assets to reduce memory usage. Loaded Objects now: 1846.
Total: 1.606800 ms (FindLiveObjects: 0.136000 ms CreateObjectMapping: 0.042300 ms MarkObjects: 1.390100 ms  DeleteObjects: 0.037800 ms)

========================================================================
Received Prepare
Refreshing native plugins compatible for Editor in 2.91 ms, found 2 plugins.
Preloading 0 native plugins for Editor in 0.00 ms.
Unloading 12 Unused Serialized files (Serialized files now loaded: 0)
System memory in use before: 41.1 MB.
System memory in use after: 41.2 MB.

Unloading 12 unused Assets to reduce memory usage. Loaded Objects now: 1846.
Total: 54.093600 ms (FindLiveObjects: 49.137000 ms CreateObjectMapping: 0.287700 ms MarkObjects: 4.337400 ms  DeleteObjects: 0.330100 ms)

========================================================================
Received Prepare
Registering precompiled user dll's ...
Registered in 0.002745 seconds.
Begin MonoManager ReloadAssembly
Native extension for WindowsStandalone target not found
Native extension for WebGL target not found
Refreshing native plugins compatible for Editor in 0.65 ms, found 2 plugins.
Preloading 0 native plugins for Editor in 0.00 ms.
Mono: successfully reloaded assembly
- Completed reload, in  0.829 seconds
Platform modules already initialized, skipping
Refreshing native plugins compatible for Editor in 0.28 ms, found 2 plugins.
Preloading 0 native plugins for Editor in 0.00 ms.
Unloading 1385 Unused Serialized files (Serialized files now loaded: 0)
System memory in use before: 69.0 MB.
System memory in use after: 69.1 MB.

Unloading 14 unused Assets to reduce memory usage. Loaded Objects now: 1849.
Total: 1.567600 ms (FindLiveObjects: 0.141300 ms CreateObjectMapping: 0.042600 ms MarkObjects: 1.340000 ms  DeleteObjects: 0.042900 ms)

========================================================================
Received Prepare
Refreshing native plugins compatible for Editor in 2.55 ms, found 2 plugins.
Preloading 0 native plugins for Editor in 0.00 ms.
Unloading 12 Unused Serialized files (Serialized files now loaded: 0)
System memory in use before: 41.4 MB.
System memory in use after: 41.5 MB.

Unloading 12 unused Assets to reduce memory usage. Loaded Objects now: 1849.
Total: 2.236800 ms (FindLiveObjects: 0.179000 ms CreateObjectMapping: 0.057200 ms MarkObjects: 1.949100 ms  DeleteObjects: 0.050600 ms)

========================================================================
Received Prepare
Registering precompiled user dll's ...
Registered in 0.002759 seconds.
Begin MonoManager ReloadAssembly
Native extension for WindowsStandalone target not found
Native extension for WebGL target not found
Refreshing native plugins compatible for Editor in 0.29 ms, found 2 plugins.
Preloading 0 native plugins for Editor in 0.00 ms.
Mono: successfully reloaded assembly
- Completed reload, in  0.805 seconds
Platform modules already initialized, skipping
Refreshing native plugins compatible for Editor in 0.28 ms, found 2 plugins.
Preloading 0 native plugins for Editor in 0.00 ms.
Unloading 1385 Unused Serialized files (Serialized files now loaded: 0)
System memory in use before: 69.0 MB.
System memory in use after: 69.1 MB.

Unloading 14 unused Assets to reduce memory usage. Loaded Objects now: 1852.
Total: 1.550800 ms (FindLiveObjects: 0.134300 ms CreateObjectMapping: 0.042700 ms MarkObjects: 1.322500 ms  DeleteObjects: 0.050700 ms)

========================================================================
Received Prepare
Registering precompiled user dll's ...
Registered in 0.002812 seconds.
Begin MonoManager ReloadAssembly
Native extension for WindowsStandalone target not found
Native extension for WebGL target not found
Refreshing native plugins compatible for Editor in 0.28 ms, found 2 plugins.
Preloading 0 native plugins for Editor in 0.00 ms.
Mono: successfully reloaded assembly
- Completed reload, in  0.865 seconds
Platform modules already initialized, skipping
Refreshing native plugins compatible for Editor in 0.30 ms, found 2 plugins.
Preloading 0 native plugins for Editor in 0.00 ms.
Unloading 1385 Unused Serialized files (Serialized files now loaded: 0)
System memory in use before: 69.0 MB.
System memory in use after: 69.1 MB.

Unloading 14 unused Assets to reduce memory usage. Loaded Objects now: 1855.
Total: 1.634900 ms (FindLiveObjects: 0.156100 ms CreateObjectMapping: 0.054100 ms MarkObjects: 1.385500 ms  DeleteObjects: 0.038600 ms)

========================================================================
Received Prepare
Registering precompiled user dll's ...
Registered in 0.002900 seconds.
Begin MonoManager ReloadAssembly
Native extension for WindowsStandalone target not found
Native extension for WebGL target not found
Refreshing native plugins compatible for Editor in 0.27 ms, found 2 plugins.
Preloading 0 native plugins for Editor in 0.00 ms.
Mono: successfully reloaded assembly
- Completed reload, in  0.813 seconds
Platform modules already initialized, skipping
Refreshing native plugins compatible for Editor in 0.29 ms, found 2 plugins.
Preloading 0 native plugins for Editor in 0.00 ms.
Unloading 1385 Unused Serialized files (Serialized files now loaded: 0)
System memory in use before: 69.0 MB.
System memory in use after: 69.1 MB.

Unloading 14 unused Assets to reduce memory usage. Loaded Objects now: 1858.
Total: 1.578600 ms (FindLiveObjects: 0.131600 ms CreateObjectMapping: 0.045900 ms MarkObjects: 1.359400 ms  DeleteObjects: 0.040900 ms)

========================================================================
Received Prepare
Refreshing native plugins compatible for Editor in 2.45 ms, found 2 plugins.
Preloading 0 native plugins for Editor in 0.00 ms.
Unloading 12 Unused Serialized files (Serialized files now loaded: 0)
System memory in use before: 41.4 MB.
System memory in use after: 41.5 MB.

Unloading 12 unused Assets to reduce memory usage. Loaded Objects now: 1858.
Total: 1.726200 ms (FindLiveObjects: 0.146600 ms CreateObjectMapping: 0.044800 ms MarkObjects: 1.488000 ms  DeleteObjects: 0.046000 ms)

========================================================================
Received Prepare
Registering precompiled user dll's ...
Registered in 0.002766 seconds.
Begin MonoManager ReloadAssembly
Native extension for WindowsStandalone target not found
Native extension for WebGL target not found
Refreshing native plugins compatible for Editor in 0.29 ms, found 2 plugins.
Preloading 0 native plugins for Editor in 0.00 ms.
Mono: successfully reloaded assembly
- Completed reload, in  0.801 seconds
Platform modules already initialized, skipping
Refreshing native plugins compatible for Editor in 0.28 ms, found 2 plugins.
Preloading 0 native plugins for Editor in 0.00 ms.
Unloading 1385 Unused Serialized files (Serialized files now loaded: 0)
System memory in use before: 69.0 MB.
System memory in use after: 69.1 MB.

Unloading 14 unused Assets to reduce memory usage. Loaded Objects now: 1861.
Total: 1.587800 ms (FindLiveObjects: 0.136300 ms CreateObjectMapping: 0.041600 ms MarkObjects: 1.360900 ms  DeleteObjects: 0.048400 ms)

========================================================================
Received Prepare
Refreshing native plugins compatible for Editor in 2.55 ms, found 2 plugins.
Preloading 0 native plugins for Editor in 0.00 ms.
Unloading 12 Unused Serialized files (Serialized files now loaded: 0)
System memory in use before: 41.4 MB.
System memory in use after: 41.5 MB.

Unloading 12 unused Assets to reduce memory usage. Loaded Objects now: 1861.
Total: 1.881800 ms (FindLiveObjects: 0.178200 ms CreateObjectMapping: 0.049500 ms MarkObjects: 1.607700 ms  DeleteObjects: 0.045700 ms)

========================================================================
Received Prepare
Refreshing native plugins compatible for Editor in 2.35 ms, found 2 plugins.
Preloading 0 native plugins for Editor in 0.00 ms.
Unloading 12 Unused Serialized files (Serialized files now loaded: 0)
System memory in use before: 41.4 MB.
System memory in use after: 41.5 MB.

Unloading 12 unused Assets to reduce memory usage. Loaded Objects now: 1861.
Total: 1.633500 ms (FindLiveObjects: 0.126800 ms CreateObjectMapping: 0.040200 ms MarkObjects: 1.426600 ms  DeleteObjects: 0.039200 ms)

========================================================================
Received Prepare
Refreshing native plugins compatible for Editor in 4.51 ms, found 2 plugins.
Preloading 0 native plugins for Editor in 0.00 ms.
Unloading 12 Unused Serialized files (Serialized files now loaded: 0)
System memory in use before: 41.4 MB.
System memory in use after: 41.5 MB.

Unloading 12 unused Assets to reduce memory usage. Loaded Objects now: 1861.
Total: 2.721100 ms (FindLiveObjects: 0.337200 ms CreateObjectMapping: 0.111000 ms MarkObjects: 2.185300 ms  DeleteObjects: 0.086000 ms)

========================================================================
Received Prepare
Refreshing native plugins compatible for Editor in 2.48 ms, found 2 plugins.
Preloading 0 native plugins for Editor in 0.00 ms.
Unloading 12 Unused Serialized files (Serialized files now loaded: 0)
System memory in use before: 41.4 MB.
System memory in use after: 41.5 MB.

Unloading 12 unused Assets to reduce memory usage. Loaded Objects now: 1861.
Total: 2.236200 ms (FindLiveObjects: 0.198600 ms CreateObjectMapping: 0.043000 ms MarkObjects: 1.949900 ms  DeleteObjects: 0.043800 ms)

========================================================================
Received Prepare
Refreshing native plugins compatible for Editor in 2.53 ms, found 2 plugins.
Preloading 0 native plugins for Editor in 0.00 ms.
Unloading 12 Unused Serialized files (Serialized files now loaded: 0)
System memory in use before: 41.4 MB.
System memory in use after: 41.5 MB.

Unloading 12 unused Assets to reduce memory usage. Loaded Objects now: 1861.
Total: 1.814700 ms (FindLiveObjects: 0.127900 ms CreateObjectMapping: 0.040200 ms MarkObjects: 1.607300 ms  DeleteObjects: 0.038400 ms)

========================================================================
Received Prepare
Refreshing native plugins compatible for Editor in 2.41 ms, found 2 plugins.
Preloading 0 native plugins for Editor in 0.00 ms.
Unloading 12 Unused Serialized files (Serialized files now loaded: 0)
System memory in use before: 41.4 MB.
System memory in use after: 41.5 MB.

Unloading 12 unused Assets to reduce memory usage. Loaded Objects now: 1861.
Total: 2.274900 ms (FindLiveObjects: 0.158800 ms CreateObjectMapping: 0.045400 ms MarkObjects: 2.014600 ms  DeleteObjects: 0.055300 ms)

AssetImportWorkerClient::OnTransportError - code=2 error=End of file
