Using pre-set license
Built from '2020.3/staging' branch; Version is '2020.3.10f1 (297d780c91bc) revision 2719096'; Using compiler version '192528614'; Build Type 'Release'
OS: 'Windows 10 Home; OS build 19042.1237; Version 2009; 64bit' Language: 'en' Physical Memory: 8116 MB
BatchMode: 1, IsHumanControllingUs: 0, StartBugReporterOnCrash: 0, Is64bit: 1, IsPro: 0

 COMMAND LINE ARGUMENTS:
C:\Program Files\Unity\Hub\Editor\2020.3.10f1\Editor\Unity.exe
-adb2
-batchMode
-noUpm
-name
AssetImportWorker0
-projectPath
C:/Users/Pierce/Documents/GitHub/Udemy-Unity3D/5_Realm_Rush/Invasion of Cubes
-logFile
Logs/AssetImportWorker0.log
-srvPort
59399
Successfully changed project path to: C:/Users/Pierce/Documents/GitHub/Udemy-Unity3D/5_Realm_Rush/Invasion of Cubes
C:/Users/Pierce/Documents/GitHub/Udemy-Unity3D/5_Realm_Rush/Invasion of Cubes
Using Asset Import Pipeline V2.
Refreshing native plugins compatible for Editor in 26.98 ms, found 2 plugins.
Preloading 0 native plugins for Editor in 0.00 ms.
Initialize engine version: 2020.3.10f1 (297d780c91bc)
[Subsystems] Discovering subsystems at path C:/Program Files/Unity/Hub/Editor/2020.3.10f1/Editor/Data/Resources/UnitySubsystems
[Subsystems] Discovering subsystems at path C:/Users/Pierce/Documents/GitHub/Udemy-Unity3D/5_Realm_Rush/Invasion of Cubes/Assets
GfxDevice: creating device client; threaded=0
Direct3D:
    Version:  Direct3D 11.0 [level 11.1]
    Renderer: NVIDIA GeForce GTX 1650 SUPER (ID=0x2187)
    Vendor:   
    VRAM:     3955 MB
    Driver:   30.0.14.7196
Initialize mono
Mono path[0] = 'C:/Program Files/Unity/Hub/Editor/2020.3.10f1/Editor/Data/Managed'
Mono path[1] = 'C:/Program Files/Unity/Hub/Editor/2020.3.10f1/Editor/Data/MonoBleedingEdge/lib/mono/unityjit'
Mono config path = 'C:/Program Files/Unity/Hub/Editor/2020.3.10f1/Editor/Data/MonoBleedingEdge/etc'
Using monoOptions --debugger-agent=transport=dt_socket,embedding=1,server=y,suspend=n,address=127.0.0.1:56540
Begin MonoManager ReloadAssembly
Registering precompiled unity dll's ...
Register platform support module: C:/Program Files/Unity/Hub/Editor/2020.3.10f1/Editor/Data/PlaybackEngines/WebGLSupport/UnityEditor.WebGL.Extensions.dll
Register platform support module: C:/Program Files/Unity/Hub/Editor/2020.3.10f1/Editor/Data/PlaybackEngines/WindowsStandaloneSupport/UnityEditor.WindowsStandalone.Extensions.dll
Registered in 0.001961 seconds.
Native extension for WindowsStandalone target not found
Native extension for WebGL target not found
Refreshing native plugins compatible for Editor in 25.07 ms, found 2 plugins.
Preloading 0 native plugins for Editor in 0.00 ms.
Mono: successfully reloaded assembly
- Completed reload, in  1.017 seconds
Platform modules already initialized, skipping
Registering precompiled user dll's ...
Registered in 0.003060 seconds.
Begin MonoManager ReloadAssembly
Native extension for WindowsStandalone target not found
Native extension for WebGL target not found
Refreshing native plugins compatible for Editor in 0.31 ms, found 2 plugins.
Preloading 0 native plugins for Editor in 0.00 ms.
Mono: successfully reloaded assembly
- Completed reload, in  0.931 seconds
Platform modules already initialized, skipping
========================================================================
Worker process is ready to serve import requests
Launched and connected shader compiler UnityShaderCompiler.exe after 0.04 seconds
Refreshing native plugins compatible for Editor in 0.67 ms, found 2 plugins.
Preloading 0 native plugins for Editor in 0.00 ms.
Unloading 1408 Unused Serialized files (Serialized files now loaded: 0)
System memory in use before: 68.0 MB.
System memory in use after: 68.0 MB.

Unloading 19 unused Assets to reduce memory usage. Loaded Objects now: 1842.
Total: 2.632400 ms (FindLiveObjects: 0.299700 ms CreateObjectMapping: 0.140000 ms MarkObjects: 2.111300 ms  DeleteObjects: 0.079700 ms)

========================================================================
Received Import Request.
  path: Assets/Enemy/enemyHealth.cs
  artifactKey: Guid(c4de1245164dc664987d5ed67d164b4b) Importer(815301076,1909f56bfc062723c751e8b465ee728b)
Start importing Assets/Enemy/enemyHealth.cs using Guid(c4de1245164dc664987d5ed67d164b4b) Importer(815301076,1909f56bfc062723c751e8b465ee728b)  -> (artifact id: 'ce7b42fd09b8ca3533df16b13f4dacc3') in 0.028854 seconds
  Import took 0.031632 seconds .

========================================================================
Received Import Request.
  Time since last request: 319.087135 seconds.
  path: Assets/Enemy/enemyHealth.cs
  artifactKey: Guid(c4de1245164dc664987d5ed67d164b4b) Importer(815301076,1909f56bfc062723c751e8b465ee728b)
Start importing Assets/Enemy/enemyHealth.cs using Guid(c4de1245164dc664987d5ed67d164b4b) Importer(815301076,1909f56bfc062723c751e8b465ee728b)  -> (artifact id: '18254cb415241deab76e2a74e677e028') in 0.002003 seconds
  Import took 0.005126 seconds .

========================================================================
Received Import Request.
  Time since last request: 0.002004 seconds.
  path: Assets/Enemy/enemyHealth.cs
  artifactKey: Guid(c4de1245164dc664987d5ed67d164b4b) Importer(815301076,1909f56bfc062723c751e8b465ee728b)
Start importing Assets/Enemy/enemyHealth.cs using Guid(c4de1245164dc664987d5ed67d164b4b) Importer(815301076,1909f56bfc062723c751e8b465ee728b)  -> (artifact id: '18254cb415241deab76e2a74e677e028') in 0.002694 seconds
  Import took 0.005153 seconds .

========================================================================
Received Import Request.
  Time since last request: 39.507989 seconds.
  path: Assets/Enemy/enemyHealth.cs
  artifactKey: Guid(c4de1245164dc664987d5ed67d164b4b) Importer(815301076,1909f56bfc062723c751e8b465ee728b)
Start importing Assets/Enemy/enemyHealth.cs using Guid(c4de1245164dc664987d5ed67d164b4b) Importer(815301076,1909f56bfc062723c751e8b465ee728b)  -> (artifact id: '15094c9fa6c531ccb0c8b285f88ccd3d') in 0.005899 seconds
  Import took 0.009528 seconds .

========================================================================
Received Import Request.
  Time since last request: 1229.026561 seconds.
  path: Assets/Enemy/enemyHealth.cs
  artifactKey: Guid(c4de1245164dc664987d5ed67d164b4b) Importer(815301076,1909f56bfc062723c751e8b465ee728b)
Start importing Assets/Enemy/enemyHealth.cs using Guid(c4de1245164dc664987d5ed67d164b4b) Importer(815301076,1909f56bfc062723c751e8b465ee728b)  -> (artifact id: '707424a7a478c6ea24d3d5fed9cd26e1') in 0.011376 seconds
  Import took 0.034634 seconds .

========================================================================
Received Prepare
Registering precompiled user dll's ...
Registered in 0.005499 seconds.
Begin MonoManager ReloadAssembly
Native extension for WindowsStandalone target not found
Native extension for WebGL target not found
Refreshing native plugins compatible for Editor in 0.29 ms, found 2 plugins.
Preloading 0 native plugins for Editor in 0.00 ms.
Mono: successfully reloaded assembly
- Completed reload, in  0.846 seconds
Platform modules already initialized, skipping
Refreshing native plugins compatible for Editor in 0.35 ms, found 2 plugins.
Preloading 0 native plugins for Editor in 0.00 ms.
Unloading 1390 Unused Serialized files (Serialized files now loaded: 0)
System memory in use before: 66.6 MB.
System memory in use after: 66.7 MB.

Unloading 14 unused Assets to reduce memory usage. Loaded Objects now: 1845.
Total: 1.594000 ms (FindLiveObjects: 0.137900 ms CreateObjectMapping: 0.046300 ms MarkObjects: 1.363400 ms  DeleteObjects: 0.045600 ms)

========================================================================
Received Import Request.
  Time since last request: 9.599308 seconds.
  path: Assets/Enemy/Ram.prefab
  artifactKey: Guid(b940df629b09f434dbb9fd487257db6c) Importer(815301076,1909f56bfc062723c751e8b465ee728b)
Start importing Assets/Enemy/Ram.prefab using Guid(b940df629b09f434dbb9fd487257db6c) Importer(815301076,1909f56bfc062723c751e8b465ee728b)  -> (artifact id: '21160fe69a66f3155c9a95a1826ce48c') in 0.096690 seconds
  Import took 0.099489 seconds .

========================================================================
Received Prepare
Registering precompiled user dll's ...
Registered in 0.005513 seconds.
Begin MonoManager ReloadAssembly
Native extension for WindowsStandalone target not found
Native extension for WebGL target not found
Refreshing native plugins compatible for Editor in 0.32 ms, found 2 plugins.
Preloading 0 native plugins for Editor in 0.00 ms.
Mono: successfully reloaded assembly
- Completed reload, in  0.803 seconds
Platform modules already initialized, skipping
Refreshing native plugins compatible for Editor in 0.30 ms, found 2 plugins.
Preloading 0 native plugins for Editor in 0.00 ms.
Unloading 1390 Unused Serialized files (Serialized files now loaded: 0)
System memory in use before: 69.8 MB.
System memory in use after: 69.8 MB.

Unloading 14 unused Assets to reduce memory usage. Loaded Objects now: 1855.
Total: 1.551300 ms (FindLiveObjects: 0.133200 ms CreateObjectMapping: 0.040500 ms MarkObjects: 1.333700 ms  DeleteObjects: 0.043200 ms)

AssetImportWorkerClient::OnTransportError - code=2 error=End of file
